\BOOKMARK [0][-]{chapter.1}{\376\377\0001\000\040\000H\000i\000e\000r\000a\000r\000c\000h\000i\000c\000a\000l\000\040\000I\000n\000d\000e\000x}{}% 1
\BOOKMARK [1][-]{section.1.1}{\376\377\0001\000.\0001\000\040\000C\000l\000a\000s\000s\000\040\000H\000i\000e\000r\000a\000r\000c\000h\000y}{chapter.1}% 2
\BOOKMARK [0][-]{chapter.2}{\376\377\0002\000\040\000C\000l\000a\000s\000s\000\040\000I\000n\000d\000e\000x}{}% 3
\BOOKMARK [1][-]{section.2.1}{\376\377\0002\000.\0001\000\040\000C\000l\000a\000s\000s\000\040\000L\000i\000s\000t}{chapter.2}% 4
\BOOKMARK [0][-]{chapter.3}{\376\377\0003\000\040\000F\000i\000l\000e\000\040\000I\000n\000d\000e\000x}{}% 5
\BOOKMARK [1][-]{section.3.1}{\376\377\0003\000.\0001\000\040\000F\000i\000l\000e\000\040\000L\000i\000s\000t}{chapter.3}% 6
\BOOKMARK [0][-]{chapter.4}{\376\377\0004\000\040\000C\000l\000a\000s\000s\000\040\000D\000o\000c\000u\000m\000e\000n\000t\000a\000t\000i\000o\000n}{}% 7
\BOOKMARK [1][-]{section.4.1}{\376\377\0004\000.\0001\000\040\000A\000n\000g\000a\000j\000a\000t\000\040\000C\000l\000a\000s\000s\000\040\000R\000e\000f\000e\000r\000e\000n\000c\000e}{chapter.4}% 8
\BOOKMARK [1][-]{section.4.2}{\376\377\0004\000.\0002\000\040\000A\000n\000g\000a\000j\000a\000t\000F\000a\000c\000t\000o\000r\000y\000\040\000C\000l\000a\000s\000s\000\040\000R\000e\000f\000e\000r\000e\000n\000c\000e}{chapter.4}% 9
\BOOKMARK [1][-]{section.4.3}{\376\377\0004\000.\0003\000\040\000C\000e\000r\000e\000r\000e\000R\000e\000p\000a\000r\000a\000t\000i\000e\000\040\000C\000l\000a\000s\000s\000\040\000R\000e\000f\000e\000r\000e\000n\000c\000e}{chapter.4}% 10
\BOOKMARK [1][-]{section.4.4}{\376\377\0004\000.\0004\000\040\000C\000N\000P\000V\000a\000l\000i\000d\000a\000t\000o\000r\000\040\000C\000l\000a\000s\000s\000\040\000R\000e\000f\000e\000r\000e\000n\000c\000e}{chapter.4}% 11
\BOOKMARK [1][-]{section.4.5}{\376\377\0004\000.\0005\000\040\000D\000a\000t\000a\000\040\000C\000l\000a\000s\000s\000\040\000R\000e\000f\000e\000r\000e\000n\000c\000e}{chapter.4}% 12
\BOOKMARK [1][-]{section.4.6}{\376\377\0004\000.\0006\000\040\000E\000l\000e\000c\000t\000r\000o\000c\000a\000s\000n\000i\000c\000\040\000C\000l\000a\000s\000s\000\040\000R\000e\000f\000e\000r\000e\000n\000c\000e}{chapter.4}% 13
\BOOKMARK [1][-]{section.4.7}{\376\377\0004\000.\0007\000\040\000E\000l\000e\000c\000t\000r\000o\000c\000a\000s\000n\000i\000c\000F\000a\000c\000t\000o\000r\000y\000\040\000C\000l\000a\000s\000s\000\040\000R\000e\000f\000e\000r\000e\000n\000c\000e}{chapter.4}% 14
\BOOKMARK [1][-]{section.4.8}{\376\377\0004\000.\0008\000\040\000F\000r\000i\000g\000i\000d\000e\000r\000\040\000C\000l\000a\000s\000s\000\040\000R\000e\000f\000e\000r\000e\000n\000c\000e}{chapter.4}% 15
\BOOKMARK [2][-]{subsection.4.8.1}{\376\377\0004\000.\0008\000.\0001\000\040\000M\000e\000m\000b\000e\000r\000\040\000F\000u\000n\000c\000t\000i\000o\000n\000\040\000D\000o\000c\000u\000m\000e\000n\000t\000a\000t\000i\000o\000n}{section.4.8}% 16
\BOOKMARK [3][-]{subsubsection.4.8.1.1}{\376\377\0004\000.\0008\000.\0001\000.\0001\000\040\000a\000f\000i\000s\000a\000r\000e\000\050\000\051}{subsection.4.8.1}% 17
\BOOKMARK [3][-]{subsubsection.4.8.1.2}{\376\377\0004\000.\0008\000.\0001\000.\0002\000\040\000c\000l\000o\000n\000e\000a\000z\000a\000\050\000\051}{subsection.4.8.1}% 18
\BOOKMARK [1][-]{section.4.9}{\376\377\0004\000.\0009\000\040\000M\000a\000s\000i\000n\000a\000D\000e\000S\000p\000a\000l\000a\000t\000\040\000C\000l\000a\000s\000s\000\040\000R\000e\000f\000e\000r\000e\000n\000c\000e}{chapter.4}% 19
\BOOKMARK [2][-]{subsection.4.9.1}{\376\377\0004\000.\0009\000.\0001\000\040\000M\000e\000m\000b\000e\000r\000\040\000F\000u\000n\000c\000t\000i\000o\000n\000\040\000D\000o\000c\000u\000m\000e\000n\000t\000a\000t\000i\000o\000n}{section.4.9}% 20
\BOOKMARK [3][-]{subsubsection.4.9.1.1}{\376\377\0004\000.\0009\000.\0001\000.\0001\000\040\000a\000f\000i\000s\000a\000r\000e\000\050\000\051}{subsection.4.9.1}% 21
\BOOKMARK [3][-]{subsubsection.4.9.1.2}{\376\377\0004\000.\0009\000.\0001\000.\0002\000\040\000c\000l\000o\000n\000e\000a\000z\000a\000\050\000\051}{subsection.4.9.1}% 22
\BOOKMARK [1][-]{section.4.10}{\376\377\0004\000.\0001\0000\000\040\000R\000e\000c\000e\000p\000t\000i\000o\000n\000e\000r\000\040\000C\000l\000a\000s\000s\000\040\000R\000e\000f\000e\000r\000e\000n\000c\000e}{chapter.4}% 23
\BOOKMARK [2][-]{subsection.4.10.1}{\376\377\0004\000.\0001\0000\000.\0001\000\040\000M\000e\000m\000b\000e\000r\000\040\000F\000u\000n\000c\000t\000i\000o\000n\000\040\000D\000o\000c\000u\000m\000e\000n\000t\000a\000t\000i\000o\000n}{section.4.10}% 24
\BOOKMARK [3][-]{subsubsection.4.10.1.1}{\376\377\0004\000.\0001\0000\000.\0001\000.\0001\000\040\000a\000f\000i\000s\000a\000r\000e\000\050\000\051}{subsection.4.10.1}% 25
\BOOKMARK [3][-]{subsubsection.4.10.1.2}{\376\377\0004\000.\0001\0000\000.\0001\000.\0002\000\040\000c\000a\000l\000c\000u\000l\000e\000a\000z\000a\000S\000a\000l\000a\000r\000i\000u\000\050\000\051}{subsection.4.10.1}% 26
\BOOKMARK [3][-]{subsubsection.4.10.1.3}{\376\377\0004\000.\0001\0000\000.\0001\000.\0003\000\040\000g\000e\000t\000T\000i\000p\000A\000n\000g\000a\000j\000a\000t\000\050\000\051}{subsection.4.10.1}% 27
\BOOKMARK [1][-]{section.4.11}{\376\377\0004\000.\0001\0001\000\040\000S\000e\000r\000v\000i\000c\000e\000M\000a\000n\000a\000g\000e\000r\000\040\000C\000l\000a\000s\000s\000\040\000R\000e\000f\000e\000r\000e\000n\000c\000e}{chapter.4}% 28
\BOOKMARK [1][-]{section.4.12}{\376\377\0004\000.\0001\0002\000\040\000S\000u\000p\000e\000r\000v\000i\000z\000o\000r\000\040\000C\000l\000a\000s\000s\000\040\000R\000e\000f\000e\000r\000e\000n\000c\000e}{chapter.4}% 29
\BOOKMARK [2][-]{subsection.4.12.1}{\376\377\0004\000.\0001\0002\000.\0001\000\040\000M\000e\000m\000b\000e\000r\000\040\000F\000u\000n\000c\000t\000i\000o\000n\000\040\000D\000o\000c\000u\000m\000e\000n\000t\000a\000t\000i\000o\000n}{section.4.12}% 30
\BOOKMARK [3][-]{subsubsection.4.12.1.1}{\376\377\0004\000.\0001\0002\000.\0001\000.\0001\000\040\000a\000f\000i\000s\000a\000r\000e\000\050\000\051}{subsection.4.12.1}% 31
\BOOKMARK [3][-]{subsubsection.4.12.1.2}{\376\377\0004\000.\0001\0002\000.\0001\000.\0002\000\040\000c\000a\000l\000c\000u\000l\000e\000a\000z\000a\000S\000a\000l\000a\000r\000i\000u\000\050\000\051}{subsection.4.12.1}% 32
\BOOKMARK [3][-]{subsubsection.4.12.1.3}{\376\377\0004\000.\0001\0002\000.\0001\000.\0003\000\040\000g\000e\000t\000T\000i\000p\000A\000n\000g\000a\000j\000a\000t\000\050\000\051}{subsection.4.12.1}% 33
\BOOKMARK [1][-]{section.4.13}{\376\377\0004\000.\0001\0003\000\040\000T\000e\000h\000n\000i\000c\000i\000a\000n\000\040\000C\000l\000a\000s\000s\000\040\000R\000e\000f\000e\000r\000e\000n\000c\000e}{chapter.4}% 34
\BOOKMARK [2][-]{subsection.4.13.1}{\376\377\0004\000.\0001\0003\000.\0001\000\040\000M\000e\000m\000b\000e\000r\000\040\000F\000u\000n\000c\000t\000i\000o\000n\000\040\000D\000o\000c\000u\000m\000e\000n\000t\000a\000t\000i\000o\000n}{section.4.13}% 35
\BOOKMARK [3][-]{subsubsection.4.13.1.1}{\376\377\0004\000.\0001\0003\000.\0001\000.\0001\000\040\000a\000f\000i\000s\000a\000r\000e\000\050\000\051}{subsection.4.13.1}% 36
\BOOKMARK [3][-]{subsubsection.4.13.1.2}{\376\377\0004\000.\0001\0003\000.\0001\000.\0002\000\040\000c\000a\000l\000c\000u\000l\000e\000a\000z\000a\000S\000a\000l\000a\000r\000i\000u\000\050\000\051}{subsection.4.13.1}% 37
\BOOKMARK [3][-]{subsubsection.4.13.1.3}{\376\377\0004\000.\0001\0003\000.\0001\000.\0003\000\040\000g\000e\000t\000T\000i\000p\000A\000n\000g\000a\000j\000a\000t\000\050\000\051}{subsection.4.13.1}% 38
\BOOKMARK [1][-]{section.4.14}{\376\377\0004\000.\0001\0004\000\040\000T\000V\000\040\000C\000l\000a\000s\000s\000\040\000R\000e\000f\000e\000r\000e\000n\000c\000e}{chapter.4}% 39
\BOOKMARK [2][-]{subsection.4.14.1}{\376\377\0004\000.\0001\0004\000.\0001\000\040\000M\000e\000m\000b\000e\000r\000\040\000F\000u\000n\000c\000t\000i\000o\000n\000\040\000D\000o\000c\000u\000m\000e\000n\000t\000a\000t\000i\000o\000n}{section.4.14}% 40
\BOOKMARK [3][-]{subsubsection.4.14.1.1}{\376\377\0004\000.\0001\0004\000.\0001\000.\0001\000\040\000a\000f\000i\000s\000a\000r\000e\000\050\000\051}{subsection.4.14.1}% 41
\BOOKMARK [3][-]{subsubsection.4.14.1.2}{\376\377\0004\000.\0001\0004\000.\0001\000.\0002\000\040\000c\000l\000o\000n\000e\000a\000z\000a\000\050\000\051}{subsection.4.14.1}% 42
\BOOKMARK [0][-]{chapter.5}{\376\377\0005\000\040\000F\000i\000l\000e\000\040\000D\000o\000c\000u\000m\000e\000n\000t\000a\000t\000i\000o\000n}{}% 43
\BOOKMARK [1][-]{section.5.1}{\376\377\0005\000.\0001\000\040\000A\000n\000g\000a\000j\000a\000t\000.\000h}{chapter.5}% 44
\BOOKMARK [1][-]{section.5.2}{\376\377\0005\000.\0002\000\040\000A\000n\000g\000a\000j\000a\000t\000F\000a\000c\000t\000o\000r\000y\000.\000h}{chapter.5}% 45
\BOOKMARK [1][-]{section.5.3}{\376\377\0005\000.\0003\000\040\000C\000e\000r\000e\000r\000e\000R\000e\000p\000a\000r\000a\000t\000i\000e\000.\000h}{chapter.5}% 46
\BOOKMARK [1][-]{section.5.4}{\376\377\0005\000.\0004\000\040\000C\000N\000P\000V\000a\000l\000i\000d\000a\000t\000o\000r\000.\000h}{chapter.5}% 47
\BOOKMARK [1][-]{section.5.5}{\376\377\0005\000.\0005\000\040\000D\000a\000t\000a\000.\000h}{chapter.5}% 48
\BOOKMARK [1][-]{section.5.6}{\376\377\0005\000.\0006\000\040\000E\000l\000e\000c\000t\000r\000o\000c\000a\000s\000n\000i\000c\000.\000h}{chapter.5}% 49
\BOOKMARK [1][-]{section.5.7}{\376\377\0005\000.\0007\000\040\000E\000l\000e\000c\000t\000r\000o\000c\000a\000s\000n\000i\000c\000F\000a\000c\000t\000o\000r\000y\000.\000h}{chapter.5}% 50
\BOOKMARK [1][-]{section.5.8}{\376\377\0005\000.\0008\000\040\000F\000r\000i\000g\000i\000d\000e\000r\000.\000h}{chapter.5}% 51
\BOOKMARK [1][-]{section.5.9}{\376\377\0005\000.\0009\000\040\000M\000a\000s\000i\000n\000a\000D\000e\000S\000p\000a\000l\000a\000t\000.\000h}{chapter.5}% 52
\BOOKMARK [1][-]{section.5.10}{\376\377\0005\000.\0001\0000\000\040\000R\000e\000c\000e\000p\000t\000i\000o\000n\000e\000r\000.\000h}{chapter.5}% 53
\BOOKMARK [1][-]{section.5.11}{\376\377\0005\000.\0001\0001\000\040\000S\000e\000r\000v\000i\000c\000e\000M\000a\000n\000a\000g\000e\000r\000.\000h}{chapter.5}% 54
\BOOKMARK [1][-]{section.5.12}{\376\377\0005\000.\0001\0002\000\040\000S\000u\000p\000e\000r\000v\000i\000z\000o\000r\000.\000h}{chapter.5}% 55
\BOOKMARK [1][-]{section.5.13}{\376\377\0005\000.\0001\0003\000\040\000T\000e\000h\000n\000i\000c\000i\000a\000n\000.\000h}{chapter.5}% 56
\BOOKMARK [1][-]{section.5.14}{\376\377\0005\000.\0001\0004\000\040\000T\000V\000.\000h}{chapter.5}% 57
\BOOKMARK [0][-]{section*.39}{\376\377\000I\000n\000d\000e\000x}{}% 58
